[17:07:44] [ServerMain/INFO]: [bootstrap] Running Java 21 (OpenJDK 64-Bit Server VM 21.0.6+7-Ubuntu-120.04.1; Ubuntu null) on Linux 6.5.0-1025-azure (amd64)
[17:07:44] [ServerMain/INFO]: [bootstrap] Loading Paper 1.21.1-57-master@b483da4 (2024-09-01T18:09:05Z) for Minecraft 1.21.1
[17:07:44] [ServerMain/INFO]: [PluginInitializerManager] Initializing plugins...
[17:07:44] [ServerMain/INFO]: [PluginInitializerManager] Initialized 0 plugins
[17:07:51] [ServerMain/INFO]: Environment: Environment[sessionHost=https://sessionserver.mojang.com, servicesHost=https://api.minecraftservices.com, name=PROD]
[17:07:54] [ServerMain/INFO]: Loaded 1290 recipes
[17:07:54] [ServerMain/INFO]: Loaded 1399 advancements
[17:07:55] [Server thread/INFO]: Starting minecraft server version 1.21.1
[17:07:55] [Server thread/INFO]: Loading properties
[17:07:55] [Server thread/INFO]: This server is running Paper version 1.21.1-57-master@b483da4 (2024-09-01T18:09:05Z) (Implementing API version 1.21.1-R0.1-SNAPSHOT)
[17:07:56] [Server thread/INFO]: [spark] This server bundles the spark profiler. For more information please visit https://docs.papermc.io/paper/profiling
[17:07:56] [Server thread/INFO]: Server Ping Player Sample Count: 12
[17:07:56] [Server thread/INFO]: Using 4 threads for Netty based IO
[17:07:57] [Server thread/INFO]: [ChunkTaskScheduler] Chunk system is using 1 I/O threads, 1 worker threads, and population gen parallelism of 1 threads
[17:07:58] [Server thread/INFO]: Default game type: SURVIVAL
[17:07:58] [Server thread/INFO]: Generating keypair
[17:07:58] [Server thread/INFO]: Starting Minecraft server on *:25565
[17:07:58] [Server thread/INFO]: Using epoll channel type
[17:07:58] [Server thread/INFO]: Paper: Using libdeflate (Linux x86_64) compression from Velocity.
[17:07:58] [Server thread/INFO]: Paper: Using OpenSSL 1.1.x (Linux x86_64) cipher from Velocity.
[17:07:58] [Server thread/INFO]: Server permissions file permissions.yml is empty, ignoring it
[17:07:58] [Server thread/WARN]: **** SERVER IS RUNNING IN OFFLINE/INSECURE MODE!
[17:07:58] [Server thread/WARN]: The server will make no attempt to authenticate usernames. Beware.
[17:07:58] [Server thread/WARN]: While this makes the game possible to play without internet access, it also opens up the ability for hackers to connect with any username they choose.
[17:07:58] [Server thread/WARN]: To change this, set "online-mode" to "true" in the server.properties file.
[17:07:58] [Server thread/INFO]: Preparing level "world"
[17:07:59] [Server thread/INFO]: Preparing start region for dimension minecraft:overworld
[17:08:01] [Server thread/INFO]: Time elapsed: 2742 ms
[17:08:01] [Server thread/INFO]: Preparing start region for dimension minecraft:the_nether
[17:08:02] [Server thread/INFO]: Time elapsed: 350 ms
[17:08:02] [Server thread/INFO]: Preparing start region for dimension minecraft:the_end
[17:08:02] [Server thread/INFO]: Time elapsed: 208 ms
[17:08:02] [Server thread/INFO]: [spark] Starting background profiler...
[17:08:02] [Server thread/INFO]: Done preparing level "world" (4.665s)
[17:08:02] [Server thread/INFO]: Running delayed init tasks
[17:08:02] [Server thread/INFO]: Done (20.190s)! For help, type "help"
[17:08:02] [Server thread/INFO]: Timings Reset
[17:08:25] [User Authenticator #0/INFO]: UUID of player vandacortee is 0dc99772-a403-32f4-8b57-0c072bd235e6
[17:08:26] [Server thread/INFO]: vandacortee joined the game
[17:08:26] [Server thread/INFO]: vandacortee[/127.184.242.79:46873] logged in with entity id 69 at ([world]-1.06070852137004, 98.0, 18.310247943801294)
[17:09:49] [Server thread/INFO]: Made vandacortee a server operator
[17:10:07] [Server thread/INFO]: vandacortee issued server command: /plugins
[17:10:14] [Server thread/INFO]: vandacortee lost connection: Disconnected
[17:10:14] [Server thread/INFO]: vandacortee left the game
